[17:16:04] [main/INFO]: Setting user: Player207
[17:16:06] [Client thread/INFO]: LWJGL Version: 2.9.1
[17:16:13] [Client thread/INFO]: Reloading ResourceManager: Default, FMLFileResourcePack:Forge Mod Loader, FMLFileResourcePack:Minecraft Forge, FMLFileResourcePack:Banana Craft
[17:16:15] [Sound Library Loader/INFO]: Sound engine started
[17:16:27] [Client thread/INFO]: Created: 16x16 textures/blocks-atlas
[17:16:27] [Client thread/INFO]: Created: 16x16 textures/items-atlas
[17:16:27] [Client thread/INFO]: Reloading ResourceManager: Default, FMLFileResourcePack:Forge Mod Loader, FMLFileResourcePack:Minecraft Forge, FMLFileResourcePack:Banana Craft
[17:16:28] [Client thread/INFO]: Created: 512x256 textures/blocks-atlas
[17:16:28] [Client thread/INFO]: Created: 256x256 textures/items-atlas
[17:16:29] [Sound Library Loader/INFO]: Sound engine started
[17:16:37] [Server thread/INFO]: Starting integrated minecraft server version 1.7.10
[17:16:37] [Server thread/INFO]: Generating keypair
[17:16:37] [Server thread/INFO]: Preparing start region for level 0
[17:16:38] [Server thread/INFO]: Changing view distance to 12, from 10
[17:16:38] [Server thread/INFO]: Player207[local:E:967bdc87] logged in with entity id 167 at (-839.7921861936236, 8.039293738750086, 784.1761989525929)
[17:16:38] [Server thread/INFO]: Player207 joined the game
[17:16:40] [Server thread/INFO]: Player207 has just earned the achievement [Taking Inventory]
[17:16:40] [Client thread/INFO]: [CHAT] Player207 has just earned the achievement [Taking Inventory]
[17:17:23] [Server thread/INFO]: Saving and pausing game...
[17:17:23] [Server thread/INFO]: Saving chunks for level 'Test'/Overworld
[17:17:23] [Server thread/INFO]: Saving chunks for level 'Test'/Nether
[17:17:23] [Server thread/INFO]: Saving chunks for level 'Test'/The End
[17:17:23] [Server thread/INFO]: Stopping server
[17:17:23] [Server thread/INFO]: Saving players
[17:17:23] [Server thread/INFO]: Saving worlds
[17:17:23] [Server thread/INFO]: Saving chunks for level 'Test'/Overworld
[17:17:23] [Server thread/INFO]: Saving chunks for level 'Test'/Nether
[17:17:23] [Server thread/INFO]: Saving chunks for level 'Test'/The End
[17:17:24] [Client thread/INFO]: Stopping!
