[13:39:14] [Client thread/INFO]: Setting user: Player551
[13:39:18] [Client thread/WARN]: Skipping bad option: lastServer:
[13:39:18] [Client thread/INFO]: LWJGL Version: 2.9.2
[13:39:20] [Client thread/INFO]: Reloading ResourceManager: Default, FMLFileResourcePack:Forge Mod Loader, FMLFileResourcePack:Minecraft Forge, FMLFileResourcePack:BananaCraft
[13:39:20] [Client thread/INFO]: [STDOUT]: bananacraft:bananablock
[13:39:20] [Client thread/INFO]: [STDOUT]: bananacraft:bananablock
[13:39:20] [Client thread/INFO]: [STDOUT]: bananacraft:bananaore
[13:39:20] [Client thread/INFO]: [STDOUT]: bananacraft:bananaore
[13:39:20] [Client thread/INFO]: [STDOUT]: bananacraft:bananastone
[13:39:20] [Client thread/INFO]: [STDOUT]: bananacraft:bananastone
[13:39:20] [Client thread/INFO]: [STDOUT]: bananacraft:bananagrass
[13:39:20] [Client thread/INFO]: [STDOUT]: bananacraft:bananagrass
[13:39:20] [Client thread/INFO]: [STDOUT]: bananacraft:bananapillar
[13:39:20] [Client thread/INFO]: [STDOUT]: bananacraft:bananapillar
[13:39:20] [Client thread/INFO]: [STDOUT]: bananacraft:bananastairs
[13:39:20] [Client thread/INFO]: [STDOUT]: bananacraft:bananastairs
[13:39:20] [Client thread/INFO]: [STDOUT]: Registering item.bananacraft:BananaPickaxe
[13:39:20] [Client thread/INFO]: [STDOUT]: Registering item.bananacraft:BananaSword
[13:39:20] [Client thread/INFO]: [STDOUT]: Registering item.bananacraft:BananaAxe
[13:39:20] [Client thread/INFO]: [STDOUT]: Registering item.bananacraft:BananaShovel
[13:39:20] [Client thread/INFO]: [STDOUT]: Registering item.bananacraft:BananaHoe
[13:39:20] [Client thread/INFO]: [STDOUT]: bananacraft:awakenedblock
[13:39:20] [Client thread/INFO]: [STDOUT]: bananacraft:awakenedblock
[13:39:20] [Client thread/INFO]: [STDOUT]: bananacraft:awakenedblock
[13:39:22] [Client thread/WARN]: File minecraft:sounds/kuala/hurt.ogg does not exist, cannot add it to event bananacraft:mob.kuala.hurt
[13:39:22] [Client thread/WARN]: File minecraft:sounds/kuala/living.ogg does not exist, cannot add it to event bananacraft:mob.kuala.living
[13:39:22] [Client thread/WARN]: File minecraft:sounds/items/bananagunfire.ogg does not exist, cannot add it to event bananacraft:items.bananagunfire
[13:39:22] [Sound Library Loader/INFO]: Starting up SoundSystem...
[13:39:22] [Thread-6/INFO]: Initializing LWJGL OpenAL
[13:39:22] [Thread-6/INFO]: (The LWJGL binding of OpenAL.  For more information, see http://www.lwjgl.org)
[13:39:22] [Thread-6/INFO]: OpenAL initialized.
[13:39:22] [Sound Library Loader/INFO]: Sound engine started
[13:39:24] [Client thread/INFO]: Created: 16x16 textures-atlas
[13:39:25] [Client thread/INFO]: [STDOUT]: 0 tile.bananacraft:BananaBlock
[13:39:25] [Client thread/INFO]: [STDOUT]: 1 tile.bananacraft:BananaOre
[13:39:25] [Client thread/INFO]: [STDOUT]: 2 tile.bananacraft:BananaStone
[13:39:25] [Client thread/INFO]: [STDOUT]: 3 tile.bananacraft:BananaGrass
[13:39:25] [Client thread/INFO]: [STDOUT]: 4 tile.bananacraft:BananaPillar
[13:39:25] [Client thread/INFO]: [STDOUT]: 5 tile.bananacraft:BananaStairs
[13:39:25] [Client thread/INFO]: [STDOUT]: 6 tile.bananacraft:AwakenedBlock
[13:39:25] [Client thread/INFO]: Reloading ResourceManager: Default, FMLFileResourcePack:Forge Mod Loader, FMLFileResourcePack:Minecraft Forge, FMLFileResourcePack:BananaCraft
[13:39:26] [Client thread/WARN]: File minecraft:sounds/kuala/hurt.ogg does not exist, cannot add it to event bananacraft:mob.kuala.hurt
[13:39:26] [Client thread/WARN]: File minecraft:sounds/kuala/living.ogg does not exist, cannot add it to event bananacraft:mob.kuala.living
[13:39:26] [Client thread/WARN]: File minecraft:sounds/items/bananagunfire.ogg does not exist, cannot add it to event bananacraft:items.bananagunfire
[13:39:26] [Client thread/INFO]: SoundSystem shutting down...
[13:39:26] [Client thread/WARN]: Author: Paul Lamb, www.paulscode.com
[13:39:26] [Sound Library Loader/INFO]: Starting up SoundSystem...
[13:39:26] [Thread-8/INFO]: Initializing LWJGL OpenAL
[13:39:26] [Thread-8/INFO]: (The LWJGL binding of OpenAL.  For more information, see http://www.lwjgl.org)
[13:39:26] [Thread-8/INFO]: OpenAL initialized.
[13:39:27] [Sound Library Loader/INFO]: Sound engine started
[13:39:28] [Client thread/INFO]: Created: 512x512 textures-atlas
[13:39:29] [Client thread/WARN]: Unable to resolve texture due to upward reference: #all in minecraft:models/block/cube_all
[13:39:29] [Client thread/WARN]: Unable to resolve texture due to upward reference: #all in minecraft:models/block/cube_all
[13:39:29] [Client thread/WARN]: Unable to resolve texture due to upward reference: #all in minecraft:models/block/cube_all
[13:39:29] [Client thread/WARN]: Unable to resolve texture due to upward reference: #all in minecraft:models/block/cube_all
[13:39:29] [Client thread/WARN]: Unable to resolve texture due to upward reference: #all in minecraft:models/block/cube_all
[13:39:29] [Client thread/WARN]: Unable to resolve texture due to upward reference: #all in minecraft:models/block/cube_all
[13:39:29] [Client thread/WARN]: Unable to resolve texture due to upward reference: #all in minecraft:models/block/cube_all
[13:39:29] [Client thread/WARN]: Skipping bad option: lastServer:
[13:39:30] [Realms Notification Availability checker #1/INFO]: Could not authorize you against Realms server: Invalid session id
[13:39:34] [Client thread/WARN]: Unable to start LAN server detection: Can't assign requested address
[13:39:39] [Server thread/INFO]: Starting integrated minecraft server version 1.11.2
[13:39:39] [Server thread/INFO]: Generating keypair
[13:39:40] [Server thread/INFO]: Preparing start region for level 0
[13:39:41] [Server thread/INFO]: Preparing spawn area: 5%
[13:39:42] [Server thread/INFO]: Preparing spawn area: 91%
[13:39:42] [Server thread/INFO]: Changing view distance to 12, from 10
[13:39:43] [Server thread/INFO]: Player551[local:E:df109bd2] logged in with entity id 305 at (250.66157683614472, 90.65760082724947, 226.52973276579246)
[13:39:43] [Server thread/INFO]: Player551 joined the game
[13:39:44] [Server thread/INFO]: Saving and pausing game...
[13:39:44] [Server thread/INFO]: Saving chunks for level 'InDev1.11_Build_1'/Overworld
[13:39:44] [Server thread/INFO]: Saving chunks for level 'InDev1.11_Build_1'/Nether
[13:39:44] [Server thread/INFO]: Saving chunks for level 'InDev1.11_Build_1'/The End
[13:39:44] [pool-2-thread-1/WARN]: Couldn't look up profile properties for com.mojang.authlib.GameProfile@74f2f7cd[id=d30b1ac0-9841-3b27-8824-151859abeeec,name=Player551,properties={},legacy=false]
com.mojang.authlib.exceptions.AuthenticationException: The client has sent too many requests within a certain amount of time
	at com.mojang.authlib.yggdrasil.YggdrasilAuthenticationService.makeRequest(YggdrasilAuthenticationService.java:79) ~[YggdrasilAuthenticationService.class:?]
	at com.mojang.authlib.yggdrasil.YggdrasilMinecraftSessionService.fillGameProfile(YggdrasilMinecraftSessionService.java:180) [YggdrasilMinecraftSessionService.class:?]
	at com.mojang.authlib.yggdrasil.YggdrasilMinecraftSessionService$1.load(YggdrasilMinecraftSessionService.java:60) [YggdrasilMinecraftSessionService$1.class:?]
	at com.mojang.authlib.yggdrasil.YggdrasilMinecraftSessionService$1.load(YggdrasilMinecraftSessionService.java:57) [YggdrasilMinecraftSessionService$1.class:?]
	at com.google.common.cache.LocalCache$LoadingValueReference.loadFuture(LocalCache.java:3524) [guava-17.0.jar:?]
	at com.google.common.cache.LocalCache$Segment.loadSync(LocalCache.java:2317) [guava-17.0.jar:?]
	at com.google.common.cache.LocalCache$Segment.lockedGetOrLoad(LocalCache.java:2280) [guava-17.0.jar:?]
	at com.google.common.cache.LocalCache$Segment.get(LocalCache.java:2195) [guava-17.0.jar:?]
	at com.google.common.cache.LocalCache.get(LocalCache.java:3934) [guava-17.0.jar:?]
	at com.google.common.cache.LocalCache.getOrLoad(LocalCache.java:3938) [guava-17.0.jar:?]
	at com.google.common.cache.LocalCache$LocalLoadingCache.get(LocalCache.java:4821) [guava-17.0.jar:?]
	at com.google.common.cache.LocalCache$LocalLoadingCache.getUnchecked(LocalCache.java:4827) [guava-17.0.jar:?]
	at com.mojang.authlib.yggdrasil.YggdrasilMinecraftSessionService.fillProfileProperties(YggdrasilMinecraftSessionService.java:170) [YggdrasilMinecraftSessionService.class:?]
	at net.minecraft.client.Minecraft.getProfileProperties(Minecraft.java:3056) [Minecraft.class:?]
	at net.minecraft.client.resources.SkinManager$3.run(SkinManager.java:138) [SkinManager$3.class:?]
	at java.util.concurrent.Executors$RunnableAdapter.call(Executors.java:511) [?:1.8.0_144]
	at java.util.concurrent.FutureTask.run(FutureTask.java:266) [?:1.8.0_144]
	at java.util.concurrent.ThreadPoolExecutor.runWorker(ThreadPoolExecutor.java:1149) [?:1.8.0_144]
	at java.util.concurrent.ThreadPoolExecutor$Worker.run(ThreadPoolExecutor.java:624) [?:1.8.0_144]
	at java.lang.Thread.run(Thread.java:748) [?:1.8.0_144]
[13:39:46] [Server thread/INFO]: Player551 has just earned the achievement [Taking Inventory]
[13:39:46] [Client thread/INFO]: [CHAT] Player551 has just earned the achievement [Taking Inventory]
[13:40:18] [Server thread/INFO]: [Player551: Set own game mode to Survival Mode]
[13:40:18] [Client thread/INFO]: [CHAT] Your game mode has been updated to Survival Mode
[13:40:28] [Server thread/INFO]: Saving and pausing game...
[13:40:28] [Server thread/INFO]: Saving chunks for level 'InDev1.11_Build_1'/Overworld
[13:40:28] [Server thread/INFO]: Saving chunks for level 'InDev1.11_Build_1'/Nether
[13:40:28] [Server thread/INFO]: Saving chunks for level 'InDev1.11_Build_1'/The End
[13:40:28] [Server thread/INFO]: Stopping server
[13:40:28] [Server thread/INFO]: Saving players
[13:40:28] [Server thread/INFO]: Player551 lost connection: TextComponent{text='Disconnected', siblings=[], style=Style{hasParent=false, color=null, bold=null, italic=null, underlined=null, obfuscated=null, clickEvent=null, hoverEvent=null, insertion=null}}
[13:40:28] [Server thread/INFO]: Player551 left the game
[13:40:28] [Server thread/INFO]: Stopping singleplayer server as player logged out
[13:40:28] [Server thread/INFO]: Saving worlds
[13:40:28] [Server thread/INFO]: Saving chunks for level 'InDev1.11_Build_1'/Overworld
[13:40:28] [Server thread/INFO]: Saving chunks for level 'InDev1.11_Build_1'/Nether
[13:40:28] [Server thread/INFO]: Saving chunks for level 'InDev1.11_Build_1'/The End
[13:40:30] [Client thread/INFO]: Stopping!
[13:40:30] [Client thread/INFO]: SoundSystem shutting down...
[13:40:30] [Client thread/WARN]: Author: Paul Lamb, www.paulscode.com
